2023/01/30 10:20:53 [notice] 1#1: using the "epoll" event method
2023/01/30 10:20:53 [notice] 1#1: nginx/1.23.2
2023/01/30 10:20:53 [notice] 1#1: built by gcc 10.2.1 20210110 (Debian 10.2.1-6) 
2023/01/30 10:20:53 [notice] 1#1: OS: Linux 5.15.79.1-microsoft-standard-WSL2
2023/01/30 10:20:53 [notice] 1#1: getrlimit(RLIMIT_NOFILE): 1048576:1048576
2023/01/30 10:20:53 [notice] 1#1: start worker processes
2023/01/30 10:20:53 [notice] 1#1: start worker process 20
2023/01/30 10:20:53 [notice] 1#1: start worker process 21
2023/01/30 10:20:53 [notice] 1#1: start worker process 22
2023/01/30 10:20:53 [notice] 1#1: start worker process 23
2023/01/30 10:20:53 [notice] 1#1: start worker process 24
2023/01/30 10:20:53 [notice] 1#1: start worker process 25
2023/01/30 10:20:53 [notice] 1#1: start worker process 26
2023/01/30 10:20:53 [notice] 1#1: start worker process 27
2023/01/30 10:20:53 [notice] 1#1: start worker process 28
2023/01/30 10:20:53 [notice] 1#1: start worker process 29
2023/01/30 10:20:53 [notice] 1#1: start worker process 30
2023/01/30 10:20:53 [notice] 1#1: start worker process 31
2023/01/30 10:20:53 [notice] 1#1: start worker process 32
2023/01/30 10:20:53 [notice] 1#1: start worker process 33
2023/01/30 10:20:53 [notice] 1#1: start worker process 34
2023/01/30 10:20:53 [notice] 1#1: start worker process 35
2023/01/30 10:25:28 [notice] 1#1: signal 3 (SIGQUIT) received, shutting down
2023/01/30 10:25:28 [notice] 32#32: gracefully shutting down
2023/01/30 10:25:28 [notice] 32#32: exiting
2023/01/30 10:25:28 [notice] 23#23: gracefully shutting down
2023/01/30 10:25:28 [notice] 21#21: gracefully shutting down
2023/01/30 10:25:28 [notice] 23#23: exiting
2023/01/30 10:25:28 [notice] 21#21: exiting
2023/01/30 10:25:28 [notice] 32#32: exit
2023/01/30 10:25:28 [notice] 29#29: gracefully shutting down
2023/01/30 10:25:28 [notice] 23#23: exit
2023/01/30 10:25:28 [notice] 21#21: exit
2023/01/30 10:25:28 [notice] 29#29: exiting
2023/01/30 10:25:28 [notice] 34#34: gracefully shutting down
2023/01/30 10:25:28 [notice] 34#34: exiting
2023/01/30 10:25:28 [notice] 29#29: exit
2023/01/30 10:25:28 [notice] 34#34: exit
2023/01/30 10:25:28 [notice] 22#22: gracefully shutting down
2023/01/30 10:25:28 [notice] 31#31: gracefully shutting down
2023/01/30 10:25:28 [notice] 22#22: exiting
2023/01/30 10:25:28 [notice] 31#31: exiting
2023/01/30 10:25:28 [notice] 22#22: exit
2023/01/30 10:25:28 [notice] 31#31: exit
2023/01/30 10:25:28 [notice] 27#27: gracefully shutting down
2023/01/30 10:25:28 [notice] 27#27: exiting
2023/01/30 10:25:28 [notice] 35#35: gracefully shutting down
2023/01/30 10:25:28 [notice] 35#35: exiting
2023/01/30 10:25:28 [notice] 27#27: exit
2023/01/30 10:25:28 [notice] 35#35: exit
2023/01/30 10:25:28 [notice] 24#24: gracefully shutting down
2023/01/30 10:25:28 [notice] 24#24: exiting
2023/01/30 10:25:28 [notice] 20#20: gracefully shutting down
2023/01/30 10:25:28 [notice] 20#20: exiting
2023/01/30 10:25:28 [notice] 24#24: exit
2023/01/30 10:25:28 [notice] 20#20: exit
2023/01/30 10:25:28 [notice] 30#30: gracefully shutting down
2023/01/30 10:25:28 [notice] 26#26: gracefully shutting down
2023/01/30 10:25:28 [notice] 30#30: exiting
2023/01/30 10:25:28 [notice] 26#26: exiting
2023/01/30 10:25:28 [notice] 30#30: exit
2023/01/30 10:25:28 [notice] 26#26: exit
2023/01/30 10:25:28 [notice] 25#25: gracefully shutting down
2023/01/30 10:25:28 [notice] 25#25: exiting
2023/01/30 10:25:28 [notice] 28#28: gracefully shutting down
2023/01/30 10:25:28 [notice] 28#28: exiting
2023/01/30 10:25:28 [notice] 25#25: exit
2023/01/30 10:25:28 [notice] 28#28: exit
2023/01/30 10:25:28 [notice] 33#33: gracefully shutting down
2023/01/30 10:25:28 [notice] 33#33: exiting
2023/01/30 10:25:28 [notice] 33#33: exit
2023/01/30 10:25:28 [notice] 1#1: signal 17 (SIGCHLD) received from 29
2023/01/30 10:25:28 [notice] 1#1: worker process 29 exited with code 0
2023/01/30 10:25:28 [notice] 1#1: signal 29 (SIGIO) received
2023/01/30 10:25:28 [notice] 1#1: signal 17 (SIGCHLD) received from 30
2023/01/30 10:25:28 [notice] 1#1: worker process 30 exited with code 0
2023/01/30 10:25:28 [notice] 1#1: signal 29 (SIGIO) received
2023/01/30 10:25:28 [notice] 1#1: signal 17 (SIGCHLD) received from 25
2023/01/30 10:25:28 [notice] 1#1: worker process 23 exited with code 0
2023/01/30 10:25:28 [notice] 1#1: worker process 24 exited with code 0
2023/01/30 10:25:28 [notice] 1#1: worker process 25 exited with code 0
2023/01/30 10:25:28 [notice] 1#1: worker process 27 exited with code 0
2023/01/30 10:25:28 [notice] 1#1: signal 29 (SIGIO) received
2023/01/30 10:25:28 [notice] 1#1: signal 17 (SIGCHLD) received from 32
2023/01/30 10:25:28 [notice] 1#1: worker process 26 exited with code 0
2023/01/30 10:25:28 [notice] 1#1: worker process 32 exited with code 0
2023/01/30 10:25:28 [notice] 1#1: signal 29 (SIGIO) received
2023/01/30 10:25:29 [notice] 1#1: signal 17 (SIGCHLD) received from 20
2023/01/30 10:25:29 [notice] 1#1: worker process 20 exited with code 0
2023/01/30 10:25:29 [notice] 1#1: worker process 22 exited with code 0
2023/01/30 10:25:29 [notice] 1#1: worker process 21 exited with code 0
2023/01/30 10:25:29 [notice] 1#1: signal 29 (SIGIO) received
2023/01/30 10:25:29 [notice] 1#1: signal 17 (SIGCHLD) received from 22
2023/01/30 10:25:29 [notice] 1#1: signal 17 (SIGCHLD) received from 31
2023/01/30 10:25:29 [notice] 1#1: worker process 31 exited with code 0
2023/01/30 10:25:29 [notice] 1#1: signal 29 (SIGIO) received
2023/01/30 10:25:29 [notice] 1#1: signal 17 (SIGCHLD) received from 34
2023/01/30 10:25:29 [notice] 1#1: worker process 34 exited with code 0
2023/01/30 10:25:29 [notice] 1#1: signal 29 (SIGIO) received
2023/01/30 10:25:29 [notice] 1#1: signal 17 (SIGCHLD) received from 33
2023/01/30 10:25:29 [notice] 1#1: worker process 28 exited with code 0
2023/01/30 10:25:29 [notice] 1#1: worker process 33 exited with code 0
2023/01/30 10:25:29 [notice] 1#1: signal 29 (SIGIO) received
2023/01/30 10:25:29 [notice] 1#1: signal 17 (SIGCHLD) received from 35
2023/01/30 10:25:29 [notice] 1#1: worker process 35 exited with code 0
2023/01/30 10:25:29 [notice] 1#1: exit
2023/01/30 10:27:05 [notice] 1#1: using the "epoll" event method
2023/01/30 10:27:05 [notice] 1#1: nginx/1.23.2
2023/01/30 10:27:05 [notice] 1#1: built by gcc 10.2.1 20210110 (Debian 10.2.1-6) 
2023/01/30 10:27:05 [notice] 1#1: OS: Linux 5.15.79.1-microsoft-standard-WSL2
2023/01/30 10:27:05 [notice] 1#1: getrlimit(RLIMIT_NOFILE): 1048576:1048576
2023/01/30 10:27:05 [notice] 1#1: start worker processes
2023/01/30 10:27:05 [notice] 1#1: start worker process 20
2023/01/30 10:27:05 [notice] 1#1: start worker process 21
2023/01/30 10:27:05 [notice] 1#1: start worker process 22
2023/01/30 10:27:05 [notice] 1#1: start worker process 23
2023/01/30 10:27:05 [notice] 1#1: start worker process 24
2023/01/30 10:27:05 [notice] 1#1: start worker process 25
2023/01/30 10:27:05 [notice] 1#1: start worker process 26
2023/01/30 10:27:05 [notice] 1#1: start worker process 27
2023/01/30 10:27:05 [notice] 1#1: start worker process 28
2023/01/30 10:27:05 [notice] 1#1: start worker process 29
2023/01/30 10:27:05 [notice] 1#1: start worker process 30
2023/01/30 10:27:05 [notice] 1#1: start worker process 31
2023/01/30 10:27:05 [notice] 1#1: start worker process 32
2023/01/30 10:27:05 [notice] 1#1: start worker process 33
2023/01/30 10:27:05 [notice] 1#1: start worker process 34
2023/01/30 10:27:05 [notice] 1#1: start worker process 35
2023/01/30 10:27:10 [notice] 1#1: signal 3 (SIGQUIT) received, shutting down
2023/01/30 10:27:10 [notice] 24#24: gracefully shutting down
2023/01/30 10:27:10 [notice] 24#24: exiting
2023/01/30 10:27:10 [notice] 29#29: gracefully shutting down
2023/01/30 10:27:10 [notice] 29#29: exiting
2023/01/30 10:27:10 [notice] 24#24: exit
2023/01/30 10:27:10 [notice] 29#29: exit
2023/01/30 10:27:10 [notice] 34#34: gracefully shutting down
2023/01/30 10:27:10 [notice] 34#34: exiting
2023/01/30 10:27:10 [notice] 34#34: exit
2023/01/30 10:27:10 [notice] 23#23: gracefully shutting down
2023/01/30 10:27:10 [notice] 23#23: exiting
2023/01/30 10:27:10 [notice] 20#20: gracefully shutting down
2023/01/30 10:27:10 [notice] 20#20: exiting
2023/01/30 10:27:10 [notice] 23#23: exit
2023/01/30 10:27:10 [notice] 20#20: exit
2023/01/30 10:27:10 [notice] 22#22: gracefully shutting down
2023/01/30 10:27:10 [notice] 22#22: exiting
2023/01/30 10:27:10 [notice] 22#22: exit
2023/01/30 10:27:10 [notice] 21#21: gracefully shutting down
2023/01/30 10:27:10 [notice] 25#25: gracefully shutting down
2023/01/30 10:27:10 [notice] 21#21: exiting
2023/01/30 10:27:10 [notice] 25#25: exiting
2023/01/30 10:27:10 [notice] 31#31: gracefully shutting down
2023/01/30 10:27:10 [notice] 31#31: exiting
2023/01/30 10:27:10 [notice] 25#25: exit
2023/01/30 10:27:10 [notice] 21#21: exit
2023/01/30 10:27:10 [notice] 31#31: exit
2023/01/30 10:27:10 [notice] 30#30: gracefully shutting down
2023/01/30 10:27:10 [notice] 33#33: gracefully shutting down
2023/01/30 10:27:10 [notice] 30#30: exiting
2023/01/30 10:27:10 [notice] 27#27: gracefully shutting down
2023/01/30 10:27:10 [notice] 33#33: exiting
2023/01/30 10:27:10 [notice] 27#27: exiting
2023/01/30 10:27:10 [notice] 30#30: exit
2023/01/30 10:27:10 [notice] 28#28: gracefully shutting down
2023/01/30 10:27:10 [notice] 28#28: exiting
2023/01/30 10:27:10 [notice] 33#33: exit
2023/01/30 10:27:10 [notice] 27#27: exit
2023/01/30 10:27:10 [notice] 28#28: exit
2023/01/30 10:27:10 [notice] 26#26: gracefully shutting down
2023/01/30 10:27:10 [notice] 26#26: exiting
2023/01/30 10:27:10 [notice] 26#26: exit
2023/01/30 10:27:10 [notice] 35#35: gracefully shutting down
2023/01/30 10:27:10 [notice] 35#35: exiting
2023/01/30 10:27:10 [notice] 35#35: exit
2023/01/30 10:27:10 [notice] 32#32: gracefully shutting down
2023/01/30 10:27:10 [notice] 32#32: exiting
2023/01/30 10:27:10 [notice] 32#32: exit
2023/01/30 10:27:10 [notice] 1#1: signal 17 (SIGCHLD) received from 20
2023/01/30 10:27:10 [notice] 1#1: worker process 20 exited with code 0
2023/01/30 10:27:10 [notice] 1#1: worker process 22 exited with code 0
2023/01/30 10:27:10 [notice] 1#1: worker process 23 exited with code 0
2023/01/30 10:27:10 [notice] 1#1: worker process 25 exited with code 0
2023/01/30 10:27:10 [notice] 1#1: worker process 26 exited with code 0
2023/01/30 10:27:10 [notice] 1#1: worker process 28 exited with code 0
2023/01/30 10:27:10 [notice] 1#1: worker process 29 exited with code 0
2023/01/30 10:27:10 [notice] 1#1: worker process 30 exited with code 0
2023/01/30 10:27:10 [notice] 1#1: worker process 31 exited with code 0
2023/01/30 10:27:10 [notice] 1#1: worker process 33 exited with code 0
2023/01/30 10:27:10 [notice] 1#1: worker process 34 exited with code 0
2023/01/30 10:27:10 [notice] 1#1: worker process 35 exited with code 0
2023/01/30 10:27:10 [notice] 1#1: signal 29 (SIGIO) received
2023/01/30 10:27:10 [notice] 1#1: signal 17 (SIGCHLD) received from 30
2023/01/30 10:27:10 [notice] 1#1: worker process 32 exited with code 0
2023/01/30 10:27:10 [notice] 1#1: signal 29 (SIGIO) received
2023/01/30 10:27:11 [notice] 1#1: signal 17 (SIGCHLD) received from 27
2023/01/30 10:27:11 [notice] 1#1: worker process 21 exited with code 0
2023/01/30 10:27:11 [notice] 1#1: worker process 27 exited with code 0
2023/01/30 10:27:11 [notice] 1#1: signal 17 (SIGCHLD) received from 24
2023/01/30 10:27:11 [notice] 1#1: worker process 24 exited with code 0
2023/01/30 10:27:11 [notice] 1#1: exit
2023/01/30 10:27:54 [notice] 1#1: using the "epoll" event method
2023/01/30 10:27:54 [notice] 1#1: nginx/1.23.2
2023/01/30 10:27:54 [notice] 1#1: built by gcc 10.2.1 20210110 (Debian 10.2.1-6) 
2023/01/30 10:27:54 [notice] 1#1: OS: Linux 5.15.79.1-microsoft-standard-WSL2
2023/01/30 10:27:54 [notice] 1#1: getrlimit(RLIMIT_NOFILE): 1048576:1048576
2023/01/30 10:27:54 [notice] 1#1: start worker processes
2023/01/30 10:27:54 [notice] 1#1: start worker process 20
2023/01/30 10:27:54 [notice] 1#1: start worker process 21
2023/01/30 10:27:54 [notice] 1#1: start worker process 22
2023/01/30 10:27:54 [notice] 1#1: start worker process 23
2023/01/30 10:27:54 [notice] 1#1: start worker process 24
2023/01/30 10:27:54 [notice] 1#1: start worker process 25
2023/01/30 10:27:54 [notice] 1#1: start worker process 26
2023/01/30 10:27:54 [notice] 1#1: start worker process 27
2023/01/30 10:27:54 [notice] 1#1: start worker process 28
2023/01/30 10:27:54 [notice] 1#1: start worker process 29
2023/01/30 10:27:54 [notice] 1#1: start worker process 30
2023/01/30 10:27:54 [notice] 1#1: start worker process 31
2023/01/30 10:27:54 [notice] 1#1: start worker process 32
2023/01/30 10:27:54 [notice] 1#1: start worker process 33
2023/01/30 10:27:54 [notice] 1#1: start worker process 34
2023/01/30 10:27:54 [notice] 1#1: start worker process 35
2023/01/30 13:45:09 [notice] 1#1: signal 3 (SIGQUIT) received, shutting down
2023/01/30 13:45:09 [notice] 26#26: gracefully shutting down
2023/01/30 13:45:09 [notice] 22#22: gracefully shutting down
2023/01/30 13:45:09 [notice] 24#24: gracefully shutting down
2023/01/30 13:45:09 [notice] 25#25: gracefully shutting down
2023/01/30 13:45:09 [notice] 27#27: gracefully shutting down
2023/01/30 13:45:09 [notice] 23#23: gracefully shutting down
2023/01/30 13:45:09 [notice] 20#20: gracefully shutting down
2023/01/30 13:45:09 [notice] 21#21: gracefully shutting down
2023/01/30 13:45:09 [notice] 28#28: gracefully shutting down
2023/01/30 13:45:09 [notice] 29#29: gracefully shutting down
2023/01/30 13:45:09 [notice] 30#30: gracefully shutting down
2023/01/30 13:45:09 [notice] 32#32: gracefully shutting down
2023/01/30 13:45:09 [notice] 34#34: gracefully shutting down
2023/01/30 13:45:09 [notice] 31#31: gracefully shutting down
2023/01/30 13:45:09 [notice] 33#33: gracefully shutting down
2023/01/30 13:45:09 [notice] 35#35: gracefully shutting down
2023/01/30 13:45:09 [notice] 31#31: exiting
2023/01/30 13:45:09 [notice] 25#25: exiting
2023/01/30 13:45:09 [notice] 28#28: exiting
2023/01/30 13:45:09 [notice] 30#30: exiting
2023/01/30 13:45:09 [notice] 20#20: exiting
2023/01/30 13:45:09 [notice] 21#21: exiting
2023/01/30 13:45:09 [notice] 32#32: exiting
2023/01/30 13:45:09 [notice] 26#26: exiting
2023/01/30 13:45:09 [notice] 23#23: exiting
2023/01/30 13:45:09 [notice] 27#27: exiting
2023/01/30 13:45:09 [notice] 22#22: exiting
2023/01/30 13:45:09 [notice] 33#33: exiting
2023/01/30 13:45:09 [notice] 34#34: exiting
2023/01/30 13:45:09 [notice] 30#30: exit
2023/01/30 13:45:09 [notice] 33#33: exit
2023/01/30 13:45:09 [notice] 27#27: exit
2023/01/30 13:45:09 [notice] 34#34: exit
2023/01/30 13:45:09 [notice] 25#25: exit
2023/01/30 13:45:09 [notice] 23#23: exit
2023/01/30 13:45:09 [notice] 22#22: exit
2023/01/30 13:45:09 [notice] 20#20: exit
2023/01/30 13:45:09 [notice] 32#32: exit
2023/01/30 13:45:09 [notice] 26#26: exit
2023/01/30 13:45:09 [notice] 29#29: exiting
2023/01/30 13:45:09 [notice] 21#21: exit
2023/01/30 13:45:09 [notice] 28#28: exit
2023/01/30 13:45:09 [notice] 29#29: exit
2023/01/30 13:45:09 [notice] 24#24: exiting
2023/01/30 13:45:09 [notice] 24#24: exit
2023/01/30 13:45:09 [notice] 35#35: exiting
2023/01/30 13:45:09 [notice] 35#35: exit
2023/01/30 13:45:09 [notice] 31#31: exit
2023/01/30 13:45:09 [notice] 1#1: signal 17 (SIGCHLD) received from 32
2023/01/30 13:45:09 [notice] 1#1: worker process 22 exited with code 0
2023/01/30 13:45:09 [notice] 1#1: worker process 26 exited with code 0
2023/01/30 13:45:09 [notice] 1#1: worker process 32 exited with code 0
2023/01/30 13:45:09 [notice] 1#1: worker process 35 exited with code 0
2023/01/30 13:45:09 [notice] 1#1: signal 29 (SIGIO) received
2023/01/30 13:45:09 [notice] 1#1: signal 17 (SIGCHLD) received from 22
2023/01/30 13:45:09 [notice] 1#1: signal 17 (SIGCHLD) received from 34
2023/01/30 13:45:09 [notice] 1#1: worker process 20 exited with code 0
2023/01/30 13:45:09 [notice] 1#1: worker process 33 exited with code 0
2023/01/30 13:45:09 [notice] 1#1: worker process 34 exited with code 0
2023/01/30 13:45:09 [notice] 1#1: signal 29 (SIGIO) received
2023/01/30 13:45:09 [notice] 1#1: signal 17 (SIGCHLD) received from 23
2023/01/30 13:45:09 [notice] 1#1: worker process 23 exited with code 0
2023/01/30 13:45:09 [notice] 1#1: signal 29 (SIGIO) received
2023/01/30 13:45:09 [notice] 1#1: signal 17 (SIGCHLD) received from 29
2023/01/30 13:45:09 [notice] 1#1: worker process 29 exited with code 0
2023/01/30 13:45:09 [notice] 1#1: signal 29 (SIGIO) received
2023/01/30 13:45:09 [notice] 1#1: signal 17 (SIGCHLD) received from 31
2023/01/30 13:45:09 [notice] 1#1: worker process 31 exited with code 0
2023/01/30 13:45:09 [notice] 1#1: signal 29 (SIGIO) received
2023/01/30 13:45:09 [notice] 1#1: signal 17 (SIGCHLD) received from 28
2023/01/30 13:45:09 [notice] 1#1: worker process 28 exited with code 0
2023/01/30 13:45:09 [notice] 1#1: signal 29 (SIGIO) received
2023/01/30 13:45:09 [notice] 1#1: signal 17 (SIGCHLD) received from 24
2023/01/30 13:45:09 [notice] 1#1: worker process 24 exited with code 0
2023/01/30 13:45:09 [notice] 1#1: signal 29 (SIGIO) received
2023/01/30 13:45:09 [notice] 1#1: signal 17 (SIGCHLD) received from 30
2023/01/30 13:45:09 [notice] 1#1: worker process 21 exited with code 0
2023/01/30 13:45:09 [notice] 1#1: worker process 25 exited with code 0
2023/01/30 13:45:09 [notice] 1#1: worker process 30 exited with code 0
2023/01/30 13:45:09 [notice] 1#1: signal 29 (SIGIO) received
2023/01/30 13:45:09 [notice] 1#1: signal 17 (SIGCHLD) received from 27
2023/01/30 13:45:09 [notice] 1#1: worker process 27 exited with code 0
2023/01/30 13:45:09 [notice] 1#1: exit
2023/01/30 13:45:10 [notice] 1#1: using the "epoll" event method
2023/01/30 13:45:10 [notice] 1#1: nginx/1.23.2
2023/01/30 13:45:10 [notice] 1#1: built by gcc 10.2.1 20210110 (Debian 10.2.1-6) 
2023/01/30 13:45:10 [notice] 1#1: OS: Linux 5.15.79.1-microsoft-standard-WSL2
2023/01/30 13:45:10 [notice] 1#1: getrlimit(RLIMIT_NOFILE): 1048576:1048576
2023/01/30 13:45:10 [notice] 1#1: start worker processes
2023/01/30 13:45:10 [notice] 1#1: start worker process 20
2023/01/30 13:45:10 [notice] 1#1: start worker process 21
2023/01/30 13:45:10 [notice] 1#1: start worker process 22
2023/01/30 13:45:10 [notice] 1#1: start worker process 23
2023/01/30 13:45:10 [notice] 1#1: start worker process 24
2023/01/30 13:45:10 [notice] 1#1: start worker process 25
2023/01/30 13:45:10 [notice] 1#1: start worker process 26
2023/01/30 13:45:10 [notice] 1#1: start worker process 27
2023/01/30 13:45:10 [notice] 1#1: start worker process 28
2023/01/30 13:45:10 [notice] 1#1: start worker process 29
2023/01/30 13:45:10 [notice] 1#1: start worker process 30
2023/01/30 13:45:10 [notice] 1#1: start worker process 31
2023/01/30 13:45:10 [notice] 1#1: start worker process 32
2023/01/30 13:45:10 [notice] 1#1: start worker process 33
2023/01/30 13:45:10 [notice] 1#1: start worker process 34
2023/01/30 13:45:10 [notice] 1#1: start worker process 35
2023/01/30 13:56:06 [notice] 1#1: signal 3 (SIGQUIT) received, shutting down
2023/01/30 13:56:06 [notice] 20#20: gracefully shutting down
2023/01/30 13:56:06 [notice] 21#21: gracefully shutting down
2023/01/30 13:56:06 [notice] 20#20: exiting
2023/01/30 13:56:06 [notice] 22#22: gracefully shutting down
2023/01/30 13:56:06 [notice] 21#21: exiting
2023/01/30 13:56:06 [notice] 22#22: exiting
2023/01/30 13:56:06 [notice] 23#23: gracefully shutting down
2023/01/30 13:56:06 [notice] 20#20: exit
2023/01/30 13:56:06 [notice] 22#22: exit
2023/01/30 13:56:06 [notice] 23#23: exiting
2023/01/30 13:56:06 [notice] 24#24: gracefully shutting down
2023/01/30 13:56:06 [notice] 24#24: exiting
2023/01/30 13:56:06 [notice] 23#23: exit
2023/01/30 13:56:06 [notice] 24#24: exit
2023/01/30 13:56:06 [notice] 21#21: exit
2023/01/30 13:56:06 [notice] 26#26: gracefully shutting down
2023/01/30 13:56:06 [notice] 26#26: exiting
2023/01/30 13:56:06 [notice] 25#25: gracefully shutting down
2023/01/30 13:56:06 [notice] 27#27: gracefully shutting down
2023/01/30 13:56:06 [notice] 27#27: exiting
2023/01/30 13:56:06 [notice] 25#25: exiting
2023/01/30 13:56:06 [notice] 29#29: gracefully shutting down
2023/01/30 13:56:06 [notice] 29#29: exiting
2023/01/30 13:56:06 [notice] 26#26: exit
2023/01/30 13:56:06 [notice] 27#27: exit
2023/01/30 13:56:06 [notice] 25#25: exit
2023/01/30 13:56:06 [notice] 29#29: exit
2023/01/30 13:56:06 [notice] 35#35: gracefully shutting down
2023/01/30 13:56:06 [notice] 35#35: exiting
2023/01/30 13:56:06 [notice] 28#28: gracefully shutting down
2023/01/30 13:56:06 [notice] 35#35: exit
2023/01/30 13:56:06 [notice] 28#28: exiting
2023/01/30 13:56:06 [notice] 28#28: exit
2023/01/30 13:56:06 [notice] 32#32: gracefully shutting down
2023/01/30 13:56:06 [notice] 30#30: gracefully shutting down
2023/01/30 13:56:06 [notice] 32#32: exiting
2023/01/30 13:56:06 [notice] 33#33: gracefully shutting down
2023/01/30 13:56:06 [notice] 30#30: exiting
2023/01/30 13:56:06 [notice] 33#33: exiting
2023/01/30 13:56:06 [notice] 34#34: gracefully shutting down
2023/01/30 13:56:06 [notice] 31#31: gracefully shutting down
2023/01/30 13:56:06 [notice] 32#32: exit
2023/01/30 13:56:06 [notice] 34#34: exiting
2023/01/30 13:56:06 [notice] 31#31: exiting
2023/01/30 13:56:06 [notice] 33#33: exit
2023/01/30 13:56:06 [notice] 34#34: exit
2023/01/30 13:56:06 [notice] 31#31: exit
2023/01/30 13:56:06 [notice] 30#30: exit
2023/01/30 13:56:06 [notice] 1#1: signal 17 (SIGCHLD) received from 30
2023/01/30 13:56:06 [notice] 1#1: worker process 20 exited with code 0
2023/01/30 13:56:06 [notice] 1#1: worker process 22 exited with code 0
2023/01/30 13:56:06 [notice] 1#1: worker process 23 exited with code 0
2023/01/30 13:56:06 [notice] 1#1: worker process 30 exited with code 0
2023/01/30 13:56:06 [notice] 1#1: signal 29 (SIGIO) received
2023/01/30 13:56:06 [notice] 1#1: signal 17 (SIGCHLD) received from 22
2023/01/30 13:56:06 [notice] 1#1: signal 17 (SIGCHLD) received from 29
2023/01/30 13:56:06 [notice] 1#1: worker process 25 exited with code 0
2023/01/30 13:56:06 [notice] 1#1: worker process 29 exited with code 0
2023/01/30 13:56:06 [notice] 1#1: worker process 32 exited with code 0
2023/01/30 13:56:06 [notice] 1#1: signal 29 (SIGIO) received
2023/01/30 13:56:06 [notice] 1#1: signal 17 (SIGCHLD) received from 25
2023/01/30 13:56:06 [notice] 1#1: signal 17 (SIGCHLD) received from 28
2023/01/30 13:56:06 [notice] 1#1: worker process 24 exited with code 0
2023/01/30 13:56:06 [notice] 1#1: worker process 27 exited with code 0
2023/01/30 13:56:06 [notice] 1#1: worker process 28 exited with code 0
2023/01/30 13:56:06 [notice] 1#1: worker process 31 exited with code 0
2023/01/30 13:56:06 [notice] 1#1: worker process 33 exited with code 0
2023/01/30 13:56:06 [notice] 1#1: worker process 35 exited with code 0
2023/01/30 13:56:06 [notice] 1#1: signal 29 (SIGIO) received
2023/01/30 13:56:06 [notice] 1#1: signal 17 (SIGCHLD) received from 34
2023/01/30 13:56:06 [notice] 1#1: worker process 21 exited with code 0
2023/01/30 13:56:06 [notice] 1#1: worker process 34 exited with code 0
2023/01/30 13:56:06 [notice] 1#1: signal 29 (SIGIO) received
2023/01/30 13:56:06 [notice] 1#1: signal 17 (SIGCHLD) received from 26
2023/01/30 13:56:06 [notice] 1#1: worker process 26 exited with code 0
2023/01/30 13:56:06 [notice] 1#1: exit
2023/01/30 13:56:07 [notice] 1#1: using the "epoll" event method
2023/01/30 13:56:07 [notice] 1#1: nginx/1.23.2
2023/01/30 13:56:07 [notice] 1#1: built by gcc 10.2.1 20210110 (Debian 10.2.1-6) 
2023/01/30 13:56:07 [notice] 1#1: OS: Linux 5.15.79.1-microsoft-standard-WSL2
2023/01/30 13:56:07 [notice] 1#1: getrlimit(RLIMIT_NOFILE): 1048576:1048576
2023/01/30 13:56:07 [notice] 1#1: start worker processes
2023/01/30 13:56:07 [notice] 1#1: start worker process 20
2023/01/30 13:56:07 [notice] 1#1: start worker process 21
2023/01/30 13:56:07 [notice] 1#1: start worker process 22
2023/01/30 13:56:07 [notice] 1#1: start worker process 23
2023/01/30 13:56:07 [notice] 1#1: start worker process 24
2023/01/30 13:56:07 [notice] 1#1: start worker process 25
2023/01/30 13:56:07 [notice] 1#1: start worker process 26
2023/01/30 13:56:07 [notice] 1#1: start worker process 27
2023/01/30 13:56:07 [notice] 1#1: start worker process 28
2023/01/30 13:56:07 [notice] 1#1: start worker process 29
2023/01/30 13:56:07 [notice] 1#1: start worker process 30
2023/01/30 13:56:07 [notice] 1#1: start worker process 31
2023/01/30 13:56:07 [notice] 1#1: start worker process 32
2023/01/30 13:56:07 [notice] 1#1: start worker process 33
2023/01/30 13:56:07 [notice] 1#1: start worker process 34
2023/01/30 13:56:07 [notice] 1#1: start worker process 35
2023/01/30 14:57:08 [notice] 1#1: using the "epoll" event method
2023/01/30 14:57:08 [notice] 1#1: nginx/1.23.2
2023/01/30 14:57:08 [notice] 1#1: built by gcc 10.2.1 20210110 (Debian 10.2.1-6) 
2023/01/30 14:57:08 [notice] 1#1: OS: Linux 5.15.79.1-microsoft-standard-WSL2
2023/01/30 14:57:08 [notice] 1#1: getrlimit(RLIMIT_NOFILE): 1048576:1048576
2023/01/30 14:57:08 [notice] 1#1: start worker processes
2023/01/30 14:57:08 [notice] 1#1: start worker process 20
2023/01/30 14:57:08 [notice] 1#1: start worker process 21
2023/01/30 14:57:08 [notice] 1#1: start worker process 22
2023/01/30 14:57:08 [notice] 1#1: start worker process 23
2023/01/30 14:57:08 [notice] 1#1: start worker process 24
2023/01/30 14:57:08 [notice] 1#1: start worker process 25
2023/01/30 14:57:08 [notice] 1#1: start worker process 26
2023/01/30 14:57:08 [notice] 1#1: start worker process 27
2023/01/30 14:57:08 [notice] 1#1: start worker process 28
2023/01/30 14:57:08 [notice] 1#1: start worker process 29
2023/01/30 14:57:08 [notice] 1#1: start worker process 30
2023/01/30 14:57:08 [notice] 1#1: start worker process 31
2023/01/30 14:57:08 [notice] 1#1: start worker process 32
2023/01/30 14:57:08 [notice] 1#1: start worker process 33
2023/01/30 14:57:08 [notice] 1#1: start worker process 34
2023/01/30 14:57:08 [notice] 1#1: start worker process 35
2023/01/30 14:59:07 [notice] 1#1: signal 3 (SIGQUIT) received, shutting down
2023/01/30 14:59:07 [notice] 21#21: gracefully shutting down
2023/01/30 14:59:07 [notice] 22#22: gracefully shutting down
2023/01/30 14:59:07 [notice] 20#20: gracefully shutting down
2023/01/30 14:59:07 [notice] 23#23: gracefully shutting down
2023/01/30 14:59:07 [notice] 25#25: gracefully shutting down
2023/01/30 14:59:07 [notice] 24#24: gracefully shutting down
2023/01/30 14:59:07 [notice] 25#25: exiting
2023/01/30 14:59:07 [notice] 24#24: exiting
2023/01/30 14:59:07 [notice] 20#20: exiting
2023/01/30 14:59:07 [notice] 21#21: exiting
2023/01/30 14:59:07 [notice] 23#23: exiting
2023/01/30 14:59:07 [notice] 22#22: exiting
2023/01/30 14:59:07 [notice] 27#27: gracefully shutting down
2023/01/30 14:59:07 [notice] 34#34: gracefully shutting down
2023/01/30 14:59:07 [notice] 35#35: gracefully shutting down
2023/01/30 14:59:07 [notice] 27#27: exiting
2023/01/30 14:59:07 [notice] 28#28: gracefully shutting down
2023/01/30 14:59:07 [notice] 35#35: exiting
2023/01/30 14:59:07 [notice] 34#34: exiting
2023/01/30 14:59:07 [notice] 26#26: gracefully shutting down
2023/01/30 14:59:07 [notice] 30#30: gracefully shutting down
2023/01/30 14:59:07 [notice] 29#29: gracefully shutting down
2023/01/30 14:59:07 [notice] 28#28: exiting
2023/01/30 14:59:07 [notice] 33#33: gracefully shutting down
2023/01/30 14:59:07 [notice] 26#26: exiting
2023/01/30 14:59:07 [notice] 30#30: exiting
2023/01/30 14:59:07 [notice] 32#32: gracefully shutting down
2023/01/30 14:59:07 [notice] 29#29: exiting
2023/01/30 14:59:07 [notice] 31#31: gracefully shutting down
2023/01/30 14:59:07 [notice] 33#33: exiting
2023/01/30 14:59:07 [notice] 32#32: exiting
2023/01/30 14:59:07 [notice] 31#31: exiting
2023/01/30 14:59:07 [notice] 20#20: exit
2023/01/30 14:59:07 [notice] 24#24: exit
2023/01/30 14:59:07 [notice] 21#21: exit
2023/01/30 14:59:07 [notice] 25#25: exit
2023/01/30 14:59:07 [notice] 28#28: exit
2023/01/30 14:59:07 [notice] 23#23: exit
2023/01/30 14:59:07 [notice] 22#22: exit
2023/01/30 14:59:07 [notice] 30#30: exit
2023/01/30 14:59:07 [notice] 32#32: exit
2023/01/30 14:59:07 [notice] 31#31: exit
2023/01/30 14:59:07 [notice] 33#33: exit
2023/01/30 14:59:07 [notice] 29#29: exit
2023/01/30 14:59:07 [notice] 27#27: exit
2023/01/30 14:59:07 [notice] 34#34: exit
2023/01/30 14:59:07 [notice] 35#35: exit
2023/01/30 14:59:07 [notice] 26#26: exit
2023/01/30 14:59:07 [notice] 1#1: signal 17 (SIGCHLD) received from 27
2023/01/30 14:59:07 [notice] 1#1: worker process 24 exited with code 0
2023/01/30 14:59:07 [notice] 1#1: worker process 20 exited with code 0
2023/01/30 14:59:07 [notice] 1#1: worker process 26 exited with code 0
2023/01/30 14:59:07 [notice] 1#1: worker process 27 exited with code 0
2023/01/30 14:59:07 [notice] 1#1: worker process 32 exited with code 0
2023/01/30 14:59:07 [notice] 1#1: worker process 35 exited with code 0
2023/01/30 14:59:07 [notice] 1#1: signal 29 (SIGIO) received
2023/01/30 14:59:07 [notice] 1#1: signal 17 (SIGCHLD) received from 32
2023/01/30 14:59:07 [notice] 1#1: signal 17 (SIGCHLD) received from 30
2023/01/30 14:59:07 [notice] 1#1: worker process 30 exited with code 0
2023/01/30 14:59:07 [notice] 1#1: signal 29 (SIGIO) received
2023/01/30 14:59:07 [notice] 1#1: signal 17 (SIGCHLD) received from 21
2023/01/30 14:59:07 [notice] 1#1: worker process 21 exited with code 0
2023/01/30 14:59:07 [notice] 1#1: worker process 22 exited with code 0
2023/01/30 14:59:07 [notice] 1#1: worker process 25 exited with code 0
2023/01/30 14:59:07 [notice] 1#1: worker process 28 exited with code 0
2023/01/30 14:59:07 [notice] 1#1: worker process 29 exited with code 0
2023/01/30 14:59:07 [notice] 1#1: signal 29 (SIGIO) received
2023/01/30 14:59:07 [notice] 1#1: signal 17 (SIGCHLD) received from 25
2023/01/30 14:59:07 [notice] 1#1: signal 17 (SIGCHLD) received from 34
2023/01/30 14:59:07 [notice] 1#1: worker process 23 exited with code 0
2023/01/30 14:59:07 [notice] 1#1: worker process 31 exited with code 0
2023/01/30 14:59:07 [notice] 1#1: worker process 33 exited with code 0
2023/01/30 14:59:07 [notice] 1#1: worker process 34 exited with code 0
2023/01/30 14:59:07 [notice] 1#1: exit
2023/01/30 15:00:04 [notice] 1#1: using the "epoll" event method
2023/01/30 15:00:04 [notice] 1#1: nginx/1.23.2
2023/01/30 15:00:04 [notice] 1#1: built by gcc 10.2.1 20210110 (Debian 10.2.1-6) 
2023/01/30 15:00:04 [notice] 1#1: OS: Linux 5.15.79.1-microsoft-standard-WSL2
2023/01/30 15:00:04 [notice] 1#1: getrlimit(RLIMIT_NOFILE): 1048576:1048576
2023/01/30 15:00:04 [notice] 1#1: start worker processes
2023/01/30 15:00:04 [notice] 1#1: start worker process 20
2023/01/30 15:00:04 [notice] 1#1: start worker process 21
2023/01/30 15:00:04 [notice] 1#1: start worker process 22
2023/01/30 15:00:04 [notice] 1#1: start worker process 23
2023/01/30 15:00:04 [notice] 1#1: start worker process 24
2023/01/30 15:00:04 [notice] 1#1: start worker process 25
2023/01/30 15:00:04 [notice] 1#1: start worker process 26
2023/01/30 15:00:04 [notice] 1#1: start worker process 27
2023/01/30 15:00:04 [notice] 1#1: start worker process 28
2023/01/30 15:00:04 [notice] 1#1: start worker process 29
2023/01/30 15:00:04 [notice] 1#1: start worker process 30
2023/01/30 15:00:04 [notice] 1#1: start worker process 31
2023/01/30 15:00:04 [notice] 1#1: start worker process 32
2023/01/30 15:00:04 [notice] 1#1: start worker process 33
2023/01/30 15:00:04 [notice] 1#1: start worker process 34
2023/01/30 15:00:04 [notice] 1#1: start worker process 35
2023/01/30 15:01:44 [error] 26#26: *74 "/var/www/hello.loc/index.php" is not found (2: No such file or directory), client: 172.20.0.1, server: hello.loc, request: "GET / HTTP/1.1", host: "hello.loc"
2023/01/30 15:01:44 [error] 26#26: *74 open() "/var/www/hello.loc/favicon.ico" failed (2: No such file or directory), client: 172.20.0.1, server: hello.loc, request: "GET /favicon.ico HTTP/1.1", host: "hello.loc", referrer: "http://hello.loc/"
2023/01/30 15:08:44 [notice] 1#1: signal 3 (SIGQUIT) received, shutting down
2023/01/30 15:08:44 [notice] 26#26: gracefully shutting down
2023/01/30 15:08:44 [notice] 28#28: gracefully shutting down
2023/01/30 15:08:44 [notice] 27#27: gracefully shutting down
2023/01/30 15:08:44 [notice] 30#30: gracefully shutting down
2023/01/30 15:08:44 [notice] 29#29: gracefully shutting down
2023/01/30 15:08:44 [notice] 32#32: gracefully shutting down
2023/01/30 15:08:44 [notice] 31#31: gracefully shutting down
2023/01/30 15:08:44 [notice] 33#33: gracefully shutting down
2023/01/30 15:08:44 [notice] 34#34: gracefully shutting down
2023/01/30 15:08:44 [notice] 35#35: gracefully shutting down
2023/01/30 15:08:44 [notice] 25#25: gracefully shutting down
2023/01/30 15:08:44 [notice] 28#28: exiting
2023/01/30 15:08:44 [notice] 26#26: exiting
2023/01/30 15:08:44 [notice] 27#27: exiting
2023/01/30 15:08:44 [notice] 35#35: exiting
2023/01/30 15:08:44 [notice] 25#25: exiting
2023/01/30 15:08:44 [notice] 32#32: exiting
2023/01/30 15:08:44 [notice] 30#30: exiting
2023/01/30 15:08:44 [notice] 29#29: exiting
2023/01/30 15:08:44 [notice] 31#31: exiting
2023/01/30 15:08:44 [notice] 34#34: exiting
2023/01/30 15:08:44 [notice] 33#33: exiting
2023/01/30 15:08:44 [notice] 22#22: gracefully shutting down
2023/01/30 15:08:44 [notice] 22#22: exiting
2023/01/30 15:08:44 [notice] 24#24: gracefully shutting down
2023/01/30 15:08:44 [notice] 24#24: exiting
2023/01/30 15:08:44 [notice] 23#23: gracefully shutting down
2023/01/30 15:08:44 [notice] 20#20: gracefully shutting down
2023/01/30 15:08:44 [notice] 21#21: gracefully shutting down
2023/01/30 15:08:44 [notice] 23#23: exiting
2023/01/30 15:08:44 [notice] 21#21: exiting
2023/01/30 15:08:44 [notice] 29#29: exit
2023/01/30 15:08:44 [notice] 27#27: exit
2023/01/30 15:08:44 [notice] 24#24: exit
2023/01/30 15:08:44 [notice] 28#28: exit
2023/01/30 15:08:44 [notice] 23#23: exit
2023/01/30 15:08:44 [notice] 25#25: exit
2023/01/30 15:08:44 [notice] 21#21: exit
2023/01/30 15:08:44 [notice] 32#32: exit
2023/01/30 15:08:44 [notice] 30#30: exit
2023/01/30 15:08:44 [notice] 26#26: exit
2023/01/30 15:08:44 [notice] 31#31: exit
2023/01/30 15:08:44 [notice] 35#35: exit
2023/01/30 15:08:44 [notice] 34#34: exit
2023/01/30 15:08:44 [notice] 33#33: exit
2023/01/30 15:08:44 [notice] 22#22: exit
2023/01/30 15:08:44 [notice] 20#20: exiting
2023/01/30 15:08:44 [notice] 20#20: exit
2023/01/30 15:08:44 [notice] 1#1: signal 17 (SIGCHLD) received from 30
2023/01/30 15:08:44 [notice] 1#1: worker process 30 exited with code 0
2023/01/30 15:08:44 [notice] 1#1: signal 29 (SIGIO) received
2023/01/30 15:08:44 [notice] 1#1: signal 17 (SIGCHLD) received from 27
2023/01/30 15:08:44 [notice] 1#1: worker process 23 exited with code 0
2023/01/30 15:08:44 [notice] 1#1: worker process 26 exited with code 0
2023/01/30 15:08:44 [notice] 1#1: worker process 27 exited with code 0
2023/01/30 15:08:44 [notice] 1#1: worker process 29 exited with code 0
2023/01/30 15:08:44 [notice] 1#1: worker process 35 exited with code 0
2023/01/30 15:08:44 [notice] 1#1: worker process 22 exited with code 0
2023/01/30 15:08:44 [notice] 1#1: signal 29 (SIGIO) received
2023/01/30 15:08:44 [notice] 1#1: signal 17 (SIGCHLD) received from 35
2023/01/30 15:08:44 [notice] 1#1: worker process 31 exited with code 0
2023/01/30 15:08:44 [notice] 1#1: signal 29 (SIGIO) received
2023/01/30 15:08:44 [notice] 1#1: signal 17 (SIGCHLD) received from 32
2023/01/30 15:08:44 [notice] 1#1: worker process 32 exited with code 0
2023/01/30 15:08:44 [notice] 1#1: signal 29 (SIGIO) received
2023/01/30 15:08:44 [notice] 1#1: signal 17 (SIGCHLD) received from 25
2023/01/30 15:08:44 [notice] 1#1: worker process 21 exited with code 0
2023/01/30 15:08:44 [notice] 1#1: worker process 24 exited with code 0
2023/01/30 15:08:44 [notice] 1#1: worker process 25 exited with code 0
2023/01/30 15:08:44 [notice] 1#1: signal 29 (SIGIO) received
2023/01/30 15:08:44 [notice] 1#1: signal 17 (SIGCHLD) received from 34
2023/01/30 15:08:44 [notice] 1#1: worker process 34 exited with code 0
2023/01/30 15:08:44 [notice] 1#1: signal 29 (SIGIO) received
2023/01/30 15:08:44 [notice] 1#1: signal 17 (SIGCHLD) received from 28
2023/01/30 15:08:44 [notice] 1#1: worker process 20 exited with code 0
2023/01/30 15:08:44 [notice] 1#1: worker process 28 exited with code 0
2023/01/30 15:08:44 [notice] 1#1: signal 29 (SIGIO) received
2023/01/30 15:08:44 [notice] 1#1: signal 17 (SIGCHLD) received from 20
2023/01/30 15:08:44 [notice] 1#1: signal 17 (SIGCHLD) received from 33
2023/01/30 15:08:44 [notice] 1#1: worker process 33 exited with code 0
2023/01/30 15:08:44 [notice] 1#1: exit
2023/01/30 15:08:46 [notice] 1#1: using the "epoll" event method
2023/01/30 15:08:46 [notice] 1#1: nginx/1.23.2
2023/01/30 15:08:46 [notice] 1#1: built by gcc 10.2.1 20210110 (Debian 10.2.1-6) 
2023/01/30 15:08:46 [notice] 1#1: OS: Linux 5.15.79.1-microsoft-standard-WSL2
2023/01/30 15:08:46 [notice] 1#1: getrlimit(RLIMIT_NOFILE): 1048576:1048576
2023/01/30 15:08:46 [notice] 1#1: start worker processes
2023/01/30 15:08:46 [notice] 1#1: start worker process 20
2023/01/30 15:08:46 [notice] 1#1: start worker process 21
2023/01/30 15:08:46 [notice] 1#1: start worker process 22
2023/01/30 15:08:46 [notice] 1#1: start worker process 23
2023/01/30 15:08:46 [notice] 1#1: start worker process 24
2023/01/30 15:08:46 [notice] 1#1: start worker process 25
2023/01/30 15:08:46 [notice] 1#1: start worker process 26
2023/01/30 15:08:46 [notice] 1#1: start worker process 27
2023/01/30 15:08:46 [notice] 1#1: start worker process 28
2023/01/30 15:08:46 [notice] 1#1: start worker process 29
2023/01/30 15:08:46 [notice] 1#1: start worker process 30
2023/01/30 15:08:46 [notice] 1#1: start worker process 31
2023/01/30 15:08:46 [notice] 1#1: start worker process 32
2023/01/30 15:08:46 [notice] 1#1: start worker process 33
2023/01/30 15:08:46 [notice] 1#1: start worker process 34
2023/01/30 15:08:46 [notice] 1#1: start worker process 35
2023/01/30 15:14:09 [notice] 1#1: signal 3 (SIGQUIT) received, shutting down
2023/01/30 15:14:09 [notice] 20#20: gracefully shutting down
2023/01/30 15:14:09 [notice] 21#21: gracefully shutting down
2023/01/30 15:14:09 [notice] 20#20: exiting
2023/01/30 15:14:09 [notice] 21#21: exiting
2023/01/30 15:14:09 [notice] 26#26: gracefully shutting down
2023/01/30 15:14:09 [notice] 23#23: gracefully shutting down
2023/01/30 15:14:09 [notice] 24#24: gracefully shutting down
2023/01/30 15:14:09 [notice] 22#22: gracefully shutting down
2023/01/30 15:14:09 [notice] 26#26: exiting
2023/01/30 15:14:09 [notice] 23#23: exiting
2023/01/30 15:14:09 [notice] 24#24: exiting
2023/01/30 15:14:09 [notice] 22#22: exiting
2023/01/30 15:14:09 [notice] 21#21: exit
2023/01/30 15:14:09 [notice] 25#25: gracefully shutting down
2023/01/30 15:14:09 [notice] 25#25: exiting
2023/01/30 15:14:09 [notice] 26#26: exit
2023/01/30 15:14:09 [notice] 23#23: exit
2023/01/30 15:14:09 [notice] 20#20: exit
2023/01/30 15:14:09 [notice] 24#24: exit
2023/01/30 15:14:09 [notice] 35#35: gracefully shutting down
2023/01/30 15:14:09 [notice] 22#22: exit
2023/01/30 15:14:09 [notice] 27#27: gracefully shutting down
2023/01/30 15:14:09 [notice] 35#35: exiting
2023/01/30 15:14:09 [notice] 27#27: exiting
2023/01/30 15:14:09 [notice] 28#28: gracefully shutting down
2023/01/30 15:14:09 [notice] 25#25: exit
2023/01/30 15:14:09 [notice] 29#29: gracefully shutting down
2023/01/30 15:14:09 [notice] 30#30: gracefully shutting down
2023/01/30 15:14:09 [notice] 32#32: gracefully shutting down
2023/01/30 15:14:09 [notice] 28#28: exiting
2023/01/30 15:14:09 [notice] 29#29: exiting
2023/01/30 15:14:09 [notice] 30#30: exiting
2023/01/30 15:14:09 [notice] 32#32: exiting
2023/01/30 15:14:09 [notice] 35#35: exit
2023/01/30 15:14:09 [notice] 31#31: gracefully shutting down
2023/01/30 15:14:09 [notice] 27#27: exit
2023/01/30 15:14:09 [notice] 31#31: exiting
2023/01/30 15:14:09 [notice] 33#33: gracefully shutting down
2023/01/30 15:14:09 [notice] 33#33: exiting
2023/01/30 15:14:09 [notice] 28#28: exit
2023/01/30 15:14:09 [notice] 29#29: exit
2023/01/30 15:14:09 [notice] 32#32: exit
2023/01/30 15:14:09 [notice] 30#30: exit
2023/01/30 15:14:09 [notice] 31#31: exit
2023/01/30 15:14:09 [notice] 34#34: gracefully shutting down
2023/01/30 15:14:09 [notice] 33#33: exit
2023/01/30 15:14:09 [notice] 34#34: exiting
2023/01/30 15:14:09 [notice] 34#34: exit
2023/01/30 15:14:09 [notice] 1#1: signal 17 (SIGCHLD) received from 21
2023/01/30 15:14:09 [notice] 1#1: worker process 21 exited with code 0
2023/01/30 15:14:09 [notice] 1#1: signal 29 (SIGIO) received
2023/01/30 15:14:09 [notice] 1#1: signal 17 (SIGCHLD) received from 29
2023/01/30 15:14:09 [notice] 1#1: worker process 29 exited with code 0
2023/01/30 15:14:09 [notice] 1#1: signal 29 (SIGIO) received
2023/01/30 15:14:09 [notice] 1#1: signal 17 (SIGCHLD) received from 32
2023/01/30 15:14:09 [notice] 1#1: worker process 25 exited with code 0
2023/01/30 15:14:09 [notice] 1#1: worker process 26 exited with code 0
2023/01/30 15:14:09 [notice] 1#1: worker process 30 exited with code 0
2023/01/30 15:14:09 [notice] 1#1: worker process 32 exited with code 0
2023/01/30 15:14:09 [notice] 1#1: worker process 34 exited with code 0
2023/01/30 15:14:09 [notice] 1#1: signal 29 (SIGIO) received
2023/01/30 15:14:09 [notice] 1#1: signal 17 (SIGCHLD) received from 34
2023/01/30 15:14:09 [notice] 1#1: signal 17 (SIGCHLD) received from 23
2023/01/30 15:14:09 [notice] 1#1: worker process 23 exited with code 0
2023/01/30 15:14:09 [notice] 1#1: signal 29 (SIGIO) received
2023/01/30 15:14:09 [notice] 1#1: signal 17 (SIGCHLD) received from 33
2023/01/30 15:14:09 [notice] 1#1: worker process 20 exited with code 0
2023/01/30 15:14:09 [notice] 1#1: worker process 22 exited with code 0
2023/01/30 15:14:09 [notice] 1#1: worker process 28 exited with code 0
2023/01/30 15:14:09 [notice] 1#1: worker process 33 exited with code 0
2023/01/30 15:14:09 [notice] 1#1: signal 29 (SIGIO) received
2023/01/30 15:14:09 [notice] 1#1: signal 17 (SIGCHLD) received from 20
2023/01/30 15:14:09 [notice] 1#1: signal 17 (SIGCHLD) received from 35
2023/01/30 15:14:09 [notice] 1#1: worker process 31 exited with code 0
2023/01/30 15:14:09 [notice] 1#1: worker process 35 exited with code 0
2023/01/30 15:14:09 [notice] 1#1: signal 29 (SIGIO) received
2023/01/30 15:14:09 [notice] 1#1: signal 17 (SIGCHLD) received from 27
2023/01/30 15:14:09 [notice] 1#1: worker process 27 exited with code 0
2023/01/30 15:14:09 [notice] 1#1: signal 17 (SIGCHLD) received from 24
2023/01/30 15:14:09 [notice] 1#1: worker process 24 exited with code 0
2023/01/30 15:14:09 [notice] 1#1: exit
2023/01/30 15:14:10 [notice] 1#1: using the "epoll" event method
2023/01/30 15:14:10 [notice] 1#1: nginx/1.23.2
2023/01/30 15:14:10 [notice] 1#1: built by gcc 10.2.1 20210110 (Debian 10.2.1-6) 
2023/01/30 15:14:10 [notice] 1#1: OS: Linux 5.15.79.1-microsoft-standard-WSL2
2023/01/30 15:14:10 [notice] 1#1: getrlimit(RLIMIT_NOFILE): 1048576:1048576
2023/01/30 15:14:10 [notice] 1#1: start worker processes
2023/01/30 15:14:10 [notice] 1#1: start worker process 21
2023/01/30 15:14:10 [notice] 1#1: start worker process 22
2023/01/30 15:14:10 [notice] 1#1: start worker process 23
2023/01/30 15:14:10 [notice] 1#1: start worker process 24
2023/01/30 15:14:10 [notice] 1#1: start worker process 25
2023/01/30 15:14:10 [notice] 1#1: start worker process 26
2023/01/30 15:14:10 [notice] 1#1: start worker process 27
2023/01/30 15:14:10 [notice] 1#1: start worker process 28
2023/01/30 15:14:10 [notice] 1#1: start worker process 29
2023/01/30 15:14:10 [notice] 1#1: start worker process 30
2023/01/30 15:14:10 [notice] 1#1: start worker process 31
2023/01/30 15:14:10 [notice] 1#1: start worker process 32
2023/01/30 15:14:10 [notice] 1#1: start worker process 33
2023/01/30 15:14:10 [notice] 1#1: start worker process 34
2023/01/30 15:14:10 [notice] 1#1: start worker process 35
2023/01/30 15:14:10 [notice] 1#1: start worker process 36
2023/01/30 15:33:16 [notice] 1#1: signal 3 (SIGQUIT) received, shutting down
2023/01/30 15:33:16 [notice] 21#21: gracefully shutting down
2023/01/30 15:33:16 [notice] 22#22: gracefully shutting down
2023/01/30 15:33:16 [notice] 25#25: gracefully shutting down
2023/01/30 15:33:16 [notice] 31#31: gracefully shutting down
2023/01/30 15:33:16 [notice] 30#30: gracefully shutting down
2023/01/30 15:33:16 [notice] 29#29: gracefully shutting down
2023/01/30 15:33:16 [notice] 28#28: gracefully shutting down
2023/01/30 15:33:16 [notice] 32#32: gracefully shutting down
2023/01/30 15:33:16 [notice] 34#34: gracefully shutting down
2023/01/30 15:33:16 [notice] 35#35: gracefully shutting down
2023/01/30 15:33:16 [notice] 36#36: gracefully shutting down
2023/01/30 15:33:16 [notice] 28#28: exiting
2023/01/30 15:33:16 [notice] 33#33: gracefully shutting down
2023/01/30 15:33:16 [notice] 29#29: exiting
2023/01/30 15:33:16 [notice] 36#36: exiting
2023/01/30 15:33:16 [notice] 34#34: exiting
2023/01/30 15:33:16 [notice] 27#27: gracefully shutting down
2023/01/30 15:33:16 [notice] 23#23: gracefully shutting down
2023/01/30 15:33:16 [notice] 26#26: gracefully shutting down
2023/01/30 15:33:16 [notice] 31#31: exiting
2023/01/30 15:33:16 [notice] 24#24: gracefully shutting down
2023/01/30 15:33:16 [notice] 35#35: exiting
2023/01/30 15:33:16 [notice] 21#21: exiting
2023/01/30 15:33:16 [notice] 33#33: exiting
2023/01/30 15:33:16 [notice] 22#22: exiting
2023/01/30 15:33:16 [notice] 23#23: exiting
2023/01/30 15:33:16 [notice] 32#32: exiting
2023/01/30 15:33:16 [notice] 25#25: exiting
2023/01/30 15:33:16 [notice] 30#30: exiting
2023/01/30 15:33:16 [notice] 26#26: exiting
2023/01/30 15:33:16 [notice] 33#33: exit
2023/01/30 15:33:16 [notice] 36#36: exit
2023/01/30 15:33:16 [notice] 31#31: exit
2023/01/30 15:33:16 [notice] 22#22: exit
2023/01/30 15:33:16 [notice] 34#34: exit
2023/01/30 15:33:16 [notice] 24#24: exiting
2023/01/30 15:33:16 [notice] 25#25: exit
2023/01/30 15:33:16 [notice] 30#30: exit
2023/01/30 15:33:16 [notice] 32#32: exit
2023/01/30 15:33:16 [notice] 23#23: exit
2023/01/30 15:33:16 [notice] 24#24: exit
2023/01/30 15:33:16 [notice] 26#26: exit
2023/01/30 15:33:16 [notice] 27#27: exiting
2023/01/30 15:33:16 [notice] 27#27: exit
2023/01/30 15:33:16 [notice] 21#21: exit
2023/01/30 15:33:16 [notice] 28#28: exit
2023/01/30 15:33:16 [notice] 29#29: exit
2023/01/30 15:33:16 [notice] 35#35: exit
2023/01/30 15:33:16 [notice] 1#1: signal 17 (SIGCHLD) received from 21
2023/01/30 15:33:16 [notice] 1#1: worker process 21 exited with code 0
2023/01/30 15:33:16 [notice] 1#1: worker process 23 exited with code 0
2023/01/30 15:33:16 [notice] 1#1: worker process 26 exited with code 0
2023/01/30 15:33:16 [notice] 1#1: worker process 30 exited with code 0
2023/01/30 15:33:16 [notice] 1#1: worker process 33 exited with code 0
2023/01/30 15:33:16 [notice] 1#1: signal 29 (SIGIO) received
2023/01/30 15:33:16 [notice] 1#1: signal 17 (SIGCHLD) received from 27
2023/01/30 15:33:16 [notice] 1#1: worker process 27 exited with code 0
2023/01/30 15:33:16 [notice] 1#1: signal 29 (SIGIO) received
2023/01/30 15:33:16 [notice] 1#1: signal 17 (SIGCHLD) received from 24
2023/01/30 15:33:16 [notice] 1#1: worker process 22 exited with code 0
2023/01/30 15:33:16 [notice] 1#1: worker process 24 exited with code 0
2023/01/30 15:33:16 [notice] 1#1: worker process 25 exited with code 0
2023/01/30 15:33:16 [notice] 1#1: worker process 36 exited with code 0
2023/01/30 15:33:16 [notice] 1#1: signal 29 (SIGIO) received
2023/01/30 15:33:16 [notice] 1#1: signal 17 (SIGCHLD) received from 25
2023/01/30 15:33:16 [notice] 1#1: signal 17 (SIGCHLD) received from 32
2023/01/30 15:33:16 [notice] 1#1: worker process 29 exited with code 0
2023/01/30 15:33:16 [notice] 1#1: worker process 32 exited with code 0
2023/01/30 15:33:16 [notice] 1#1: worker process 34 exited with code 0
2023/01/30 15:33:16 [notice] 1#1: worker process 35 exited with code 0
2023/01/30 15:33:16 [notice] 1#1: signal 29 (SIGIO) received
2023/01/30 15:33:16 [notice] 1#1: signal 17 (SIGCHLD) received from 29
2023/01/30 15:33:16 [notice] 1#1: worker process 31 exited with code 0
2023/01/30 15:33:16 [notice] 1#1: signal 17 (SIGCHLD) received from 28
2023/01/30 15:33:16 [notice] 1#1: worker process 28 exited with code 0
2023/01/30 15:33:16 [notice] 1#1: signal 29 (SIGIO) received
2023/01/30 15:33:16 [notice] 1#1: exit
2023/01/30 15:33:17 [notice] 1#1: using the "epoll" event method
2023/01/30 15:33:17 [notice] 1#1: nginx/1.23.2
2023/01/30 15:33:17 [notice] 1#1: built by gcc 10.2.1 20210110 (Debian 10.2.1-6) 
2023/01/30 15:33:17 [notice] 1#1: OS: Linux 5.15.79.1-microsoft-standard-WSL2
2023/01/30 15:33:17 [notice] 1#1: getrlimit(RLIMIT_NOFILE): 1048576:1048576
2023/01/30 15:33:17 [notice] 1#1: start worker processes
2023/01/30 15:33:17 [notice] 1#1: start worker process 20
2023/01/30 15:33:17 [notice] 1#1: start worker process 21
2023/01/30 15:33:17 [notice] 1#1: start worker process 22
2023/01/30 15:33:17 [notice] 1#1: start worker process 23
2023/01/30 15:33:17 [notice] 1#1: start worker process 24
2023/01/30 15:33:17 [notice] 1#1: start worker process 25
2023/01/30 15:33:17 [notice] 1#1: start worker process 26
2023/01/30 15:33:17 [notice] 1#1: start worker process 27
2023/01/30 15:33:17 [notice] 1#1: start worker process 28
2023/01/30 15:33:17 [notice] 1#1: start worker process 29
2023/01/30 15:33:17 [notice] 1#1: start worker process 30
2023/01/30 15:33:17 [notice] 1#1: start worker process 31
2023/01/30 15:33:17 [notice] 1#1: start worker process 32
2023/01/30 15:33:17 [notice] 1#1: start worker process 33
2023/01/30 15:33:17 [notice] 1#1: start worker process 34
2023/01/30 15:33:17 [notice] 1#1: start worker process 35
2023/01/30 15:33:23 [notice] 1#1: signal 3 (SIGQUIT) received, shutting down
2023/01/30 15:33:23 [notice] 27#27: gracefully shutting down
2023/01/30 15:33:23 [notice] 27#27: exiting
2023/01/30 15:33:23 [notice] 30#30: gracefully shutting down
2023/01/30 15:33:23 [notice] 30#30: exiting
2023/01/30 15:33:23 [notice] 27#27: exit
2023/01/30 15:33:23 [notice] 30#30: exit
2023/01/30 15:33:23 [notice] 32#32: gracefully shutting down
2023/01/30 15:33:23 [notice] 32#32: exiting
2023/01/30 15:33:23 [notice] 32#32: exit
2023/01/30 15:33:23 [notice] 33#33: gracefully shutting down
2023/01/30 15:33:23 [notice] 33#33: exiting
2023/01/30 15:33:23 [notice] 20#20: gracefully shutting down
2023/01/30 15:33:23 [notice] 20#20: exiting
2023/01/30 15:33:23 [notice] 34#34: gracefully shutting down
2023/01/30 15:33:23 [notice] 33#33: exit
2023/01/30 15:33:23 [notice] 34#34: exiting
2023/01/30 15:33:23 [notice] 20#20: exit
2023/01/30 15:33:23 [notice] 34#34: exit
2023/01/30 15:33:23 [notice] 21#21: gracefully shutting down
2023/01/30 15:33:23 [notice] 21#21: exiting
2023/01/30 15:33:23 [notice] 21#21: exit
2023/01/30 15:33:23 [notice] 35#35: gracefully shutting down
2023/01/30 15:33:23 [notice] 35#35: exiting
2023/01/30 15:33:23 [notice] 22#22: gracefully shutting down
2023/01/30 15:33:23 [notice] 22#22: exiting
2023/01/30 15:33:23 [notice] 24#24: gracefully shutting down
2023/01/30 15:33:23 [notice] 23#23: gracefully shutting down
2023/01/30 15:33:23 [notice] 25#25: gracefully shutting down
2023/01/30 15:33:23 [notice] 24#24: exiting
2023/01/30 15:33:23 [notice] 29#29: gracefully shutting down
2023/01/30 15:33:23 [notice] 22#22: exit
2023/01/30 15:33:23 [notice] 23#23: exiting
2023/01/30 15:33:23 [notice] 25#25: exiting
2023/01/30 15:33:23 [notice] 28#28: gracefully shutting down
2023/01/30 15:33:23 [notice] 29#29: exiting
2023/01/30 15:33:23 [notice] 28#28: exiting
2023/01/30 15:33:23 [notice] 23#23: exit
2023/01/30 15:33:23 [notice] 25#25: exit
2023/01/30 15:33:23 [notice] 24#24: exit
2023/01/30 15:33:23 [notice] 29#29: exit
2023/01/30 15:33:23 [notice] 28#28: exit
2023/01/30 15:33:23 [notice] 26#26: gracefully shutting down
2023/01/30 15:33:23 [notice] 35#35: exit
2023/01/30 15:33:23 [notice] 26#26: exiting
2023/01/30 15:33:23 [notice] 31#31: gracefully shutting down
2023/01/30 15:33:23 [notice] 26#26: exit
2023/01/30 15:33:23 [notice] 31#31: exiting
2023/01/30 15:33:23 [notice] 31#31: exit
2023/01/30 15:33:23 [notice] 1#1: signal 17 (SIGCHLD) received from 33
2023/01/30 15:33:23 [notice] 1#1: worker process 30 exited with code 0
2023/01/30 15:33:23 [notice] 1#1: worker process 33 exited with code 0
2023/01/30 15:33:23 [notice] 1#1: signal 29 (SIGIO) received
2023/01/30 15:33:23 [notice] 1#1: signal 17 (SIGCHLD) received from 27
2023/01/30 15:33:23 [notice] 1#1: worker process 24 exited with code 0
2023/01/30 15:33:23 [notice] 1#1: worker process 25 exited with code 0
2023/01/30 15:33:23 [notice] 1#1: worker process 27 exited with code 0
2023/01/30 15:33:23 [notice] 1#1: worker process 28 exited with code 0
2023/01/30 15:33:23 [notice] 1#1: worker process 29 exited with code 0
2023/01/30 15:33:23 [notice] 1#1: worker process 31 exited with code 0
2023/01/30 15:33:23 [notice] 1#1: signal 29 (SIGIO) received
2023/01/30 15:33:23 [notice] 1#1: signal 17 (SIGCHLD) received from 22
2023/01/30 15:33:23 [notice] 1#1: worker process 22 exited with code 0
2023/01/30 15:33:23 [notice] 1#1: signal 29 (SIGIO) received
2023/01/30 15:33:23 [notice] 1#1: signal 17 (SIGCHLD) received from 20
2023/01/30 15:33:23 [notice] 1#1: worker process 20 exited with code 0
2023/01/30 15:33:23 [notice] 1#1: worker process 21 exited with code 0
2023/01/30 15:33:23 [notice] 1#1: worker process 23 exited with code 0
2023/01/30 15:33:23 [notice] 1#1: worker process 26 exited with code 0
2023/01/30 15:33:23 [notice] 1#1: worker process 32 exited with code 0
2023/01/30 15:33:23 [notice] 1#1: worker process 35 exited with code 0
2023/01/30 15:33:23 [notice] 1#1: signal 29 (SIGIO) received
2023/01/30 15:33:23 [notice] 1#1: signal 17 (SIGCHLD) received from 35
2023/01/30 15:33:23 [notice] 1#1: signal 17 (SIGCHLD) received from 34
2023/01/30 15:33:23 [notice] 1#1: worker process 34 exited with code 0
2023/01/30 15:33:23 [notice] 1#1: exit
2023/01/30 15:33:24 [notice] 1#1: using the "epoll" event method
2023/01/30 15:33:24 [notice] 1#1: nginx/1.23.2
2023/01/30 15:33:24 [notice] 1#1: built by gcc 10.2.1 20210110 (Debian 10.2.1-6) 
2023/01/30 15:33:24 [notice] 1#1: OS: Linux 5.15.79.1-microsoft-standard-WSL2
2023/01/30 15:33:24 [notice] 1#1: getrlimit(RLIMIT_NOFILE): 1048576:1048576
2023/01/30 15:33:24 [notice] 1#1: start worker processes
2023/01/30 15:33:24 [notice] 1#1: start worker process 20
2023/01/30 15:33:24 [notice] 1#1: start worker process 21
2023/01/30 15:33:24 [notice] 1#1: start worker process 22
2023/01/30 15:33:24 [notice] 1#1: start worker process 23
2023/01/30 15:33:24 [notice] 1#1: start worker process 24
2023/01/30 15:33:24 [notice] 1#1: start worker process 25
2023/01/30 15:33:24 [notice] 1#1: start worker process 26
2023/01/30 15:33:24 [notice] 1#1: start worker process 27
2023/01/30 15:33:24 [notice] 1#1: start worker process 28
2023/01/30 15:33:24 [notice] 1#1: start worker process 29
2023/01/30 15:33:24 [notice] 1#1: start worker process 30
2023/01/30 15:33:24 [notice] 1#1: start worker process 31
2023/01/30 15:33:24 [notice] 1#1: start worker process 32
2023/01/30 15:33:24 [notice] 1#1: start worker process 33
2023/01/30 15:33:24 [notice] 1#1: start worker process 34
2023/01/30 15:33:24 [notice] 1#1: start worker process 35
2023/01/30 15:35:48 [notice] 1#1: signal 3 (SIGQUIT) received, shutting down
2023/01/30 15:35:48 [notice] 21#21: gracefully shutting down
2023/01/30 15:35:48 [notice] 21#21: exiting
2023/01/30 15:35:48 [notice] 25#25: gracefully shutting down
2023/01/30 15:35:48 [notice] 22#22: gracefully shutting down
2023/01/30 15:35:48 [notice] 25#25: exiting
2023/01/30 15:35:48 [notice] 22#22: exiting
2023/01/30 15:35:48 [notice] 24#24: gracefully shutting down
2023/01/30 15:35:48 [notice] 24#24: exiting
2023/01/30 15:35:48 [notice] 25#25: exit
2023/01/30 15:35:48 [notice] 22#22: exit
2023/01/30 15:35:48 [notice] 35#35: gracefully shutting down
2023/01/30 15:35:48 [notice] 35#35: exiting
2023/01/30 15:35:48 [notice] 24#24: exit
2023/01/30 15:35:48 [notice] 35#35: exit
2023/01/30 15:35:48 [notice] 34#34: gracefully shutting down
2023/01/30 15:35:48 [notice] 34#34: exiting
2023/01/30 15:35:48 [notice] 26#26: gracefully shutting down
2023/01/30 15:35:48 [notice] 27#27: gracefully shutting down
2023/01/30 15:35:48 [notice] 28#28: gracefully shutting down
2023/01/30 15:35:48 [notice] 27#27: exiting
2023/01/30 15:35:48 [notice] 29#29: gracefully shutting down
2023/01/30 15:35:48 [notice] 28#28: exiting
2023/01/30 15:35:48 [notice] 29#29: exiting
2023/01/30 15:35:48 [notice] 34#34: exit
2023/01/30 15:35:48 [notice] 27#27: exit
2023/01/30 15:35:48 [notice] 29#29: exit
2023/01/30 15:35:48 [notice] 28#28: exit
2023/01/30 15:35:48 [notice] 30#30: gracefully shutting down
2023/01/30 15:35:48 [notice] 33#33: gracefully shutting down
2023/01/30 15:35:48 [notice] 31#31: gracefully shutting down
2023/01/30 15:35:48 [notice] 32#32: gracefully shutting down
2023/01/30 15:35:48 [notice] 32#32: exiting
2023/01/30 15:35:48 [notice] 32#32: exit
2023/01/30 15:35:48 [notice] 20#20: gracefully shutting down
2023/01/30 15:35:48 [notice] 20#20: exiting
2023/01/30 15:35:48 [notice] 23#23: gracefully shutting down
2023/01/30 15:35:48 [notice] 20#20: exit
2023/01/30 15:35:48 [notice] 21#21: exit
2023/01/30 15:35:48 [notice] 1#1: signal 17 (SIGCHLD) received from 29
2023/01/30 15:35:48 [notice] 1#1: worker process 21 exited with code 0
2023/01/30 15:35:48 [notice] 1#1: worker process 29 exited with code 0
2023/01/30 15:35:48 [notice] 1#1: signal 29 (SIGIO) received
2023/01/30 15:35:48 [notice] 1#1: signal 17 (SIGCHLD) received from 20
2023/01/30 15:35:48 [notice] 1#1: worker process 20 exited with code 0
2023/01/30 15:35:48 [notice] 1#1: worker process 22 exited with code 0
2023/01/30 15:35:48 [notice] 1#1: worker process 24 exited with code 0
2023/01/30 15:35:48 [notice] 1#1: worker process 32 exited with code 0
2023/01/30 15:35:48 [notice] 1#1: worker process 34 exited with code 0
2023/01/30 15:35:48 [notice] 1#1: signal 29 (SIGIO) received
2023/01/30 15:35:48 [notice] 1#1: signal 17 (SIGCHLD) received from 25
2023/01/30 15:35:48 [notice] 1#1: worker process 25 exited with code 0
2023/01/30 15:35:48 [notice] 1#1: worker process 28 exited with code 0
2023/01/30 15:35:48 [notice] 1#1: worker process 35 exited with code 0
2023/01/30 15:35:48 [notice] 1#1: signal 29 (SIGIO) received
2023/01/30 15:35:48 [notice] 1#1: signal 17 (SIGCHLD) received from 27
2023/01/30 15:35:48 [notice] 1#1: worker process 27 exited with code 0
2023/01/30 15:35:48 [notice] 1#1: signal 29 (SIGIO) received
2023/01/30 15:35:52 [notice] 33#33: exiting
2023/01/30 15:35:52 [notice] 33#33: exit
2023/01/30 15:35:52 [notice] 23#23: exiting
2023/01/30 15:35:52 [notice] 23#23: exit
2023/01/30 15:35:52 [notice] 30#30: exiting
2023/01/30 15:35:52 [notice] 30#30: exit
2023/01/30 15:35:52 [notice] 31#31: exiting
2023/01/30 15:35:52 [notice] 31#31: exit
2023/01/30 15:35:52 [notice] 26#26: exiting
2023/01/30 15:35:52 [notice] 26#26: exit
2023/01/30 15:35:52 [notice] 1#1: signal 17 (SIGCHLD) received from 33
2023/01/30 15:35:52 [notice] 1#1: worker process 23 exited with code 0
2023/01/30 15:35:52 [notice] 1#1: worker process 33 exited with code 0
2023/01/30 15:35:52 [notice] 1#1: signal 29 (SIGIO) received
2023/01/30 15:35:52 [notice] 1#1: signal 17 (SIGCHLD) received from 23
2023/01/30 15:35:52 [notice] 1#1: signal 17 (SIGCHLD) received from 30
2023/01/30 15:35:52 [notice] 1#1: worker process 30 exited with code 0
2023/01/30 15:35:52 [notice] 1#1: worker process 31 exited with code 0
2023/01/30 15:35:52 [notice] 1#1: signal 29 (SIGIO) received
2023/01/30 15:35:52 [notice] 1#1: signal 17 (SIGCHLD) received from 26
2023/01/30 15:35:52 [notice] 1#1: worker process 26 exited with code 0
2023/01/30 15:35:52 [notice] 1#1: exit
2023/01/30 15:35:54 [notice] 1#1: using the "epoll" event method
2023/01/30 15:35:54 [notice] 1#1: nginx/1.23.2
2023/01/30 15:35:54 [notice] 1#1: built by gcc 10.2.1 20210110 (Debian 10.2.1-6) 
2023/01/30 15:35:54 [notice] 1#1: OS: Linux 5.15.79.1-microsoft-standard-WSL2
2023/01/30 15:35:54 [notice] 1#1: getrlimit(RLIMIT_NOFILE): 1048576:1048576
2023/01/30 15:35:54 [notice] 1#1: start worker processes
2023/01/30 15:35:54 [notice] 1#1: start worker process 20
2023/01/30 15:35:54 [notice] 1#1: start worker process 21
2023/01/30 15:35:54 [notice] 1#1: start worker process 22
2023/01/30 15:35:54 [notice] 1#1: start worker process 23
2023/01/30 15:35:54 [notice] 1#1: start worker process 24
2023/01/30 15:35:54 [notice] 1#1: start worker process 25
2023/01/30 15:35:54 [notice] 1#1: start worker process 26
2023/01/30 15:35:54 [notice] 1#1: start worker process 27
2023/01/30 15:35:54 [notice] 1#1: start worker process 28
2023/01/30 15:35:54 [notice] 1#1: start worker process 29
2023/01/30 15:35:54 [notice] 1#1: start worker process 30
2023/01/30 15:35:54 [notice] 1#1: start worker process 31
2023/01/30 15:35:54 [notice] 1#1: start worker process 32
2023/01/30 15:35:54 [notice] 1#1: start worker process 33
2023/01/30 15:35:54 [notice] 1#1: start worker process 34
2023/01/30 15:35:54 [notice] 1#1: start worker process 35
